1540503744251:asd
1540503767317:sm-state
1540503878140:as
1540503902399:sm-state
1540503913071:sm-event CARTAO
1540503932037:sm-event passagem
1540503944237:sm-event PASSAGEM
1540504031365:sm-event REINICIAR
1540504094586:sm-state
1540504111824:sm-variables
1540504407436:sm-eventos
1540504441582:sm-event REINICIAR
1540504473031:sm-event DIAGNOSTICO
1540506121813:sm-eventos
1540506140197:sm-evento
1540506146532:help
1540506897086:sm-estado-list
1540506910102:sm-evento-list
1540506922920:sm-evento CARTAO
1540506938697:sm-evento PASSAGEM
1540507114576:sm-event DIAGNOSTICO
1540507158952:sm-evento DIAGNOSTICO
1540507193043:sm-evento PASSAGEM
1540507204280:sm-evento CARTAO
1540507226401:sm-evento TESTAR_PASSAGEM
1540507253351:sm-evento PASSAGEM
1540507267644:sm-evento CARTAO
1540507289046:sm-evento TERMINAR_DIAGNOSTICO
1540507337060:sm-estado
1540507352183:sm-evento PASSAGEM
1540507365847:sm-evento DIAGNOSTICO
1540507391178:sm-evento TERMINAR_DIAGNOSTICO
1540508015245:sm-evento PASSAGEM
