1544541978274:as
1544541987565:help
1544542006413:history
1544542019264:sm-estado
1544542032289:sm-parar
1544542048647:sm-estado
1544552855632:oio
1544553980749:ol
1544554052631:passsagem
1544554060338:passagen
1544554065260:help
1544554073873:sm-evento passagem
1544554090528:sm-evento
1544554108748:sm-evento --event passagem
1544554122846:sm-evento-list
1544554133075:sm-evento PASSAGEM
1544554150900:sm-estado
1544554404776:help
1544554434974:sm-estado
1544554465670:sm-evento-list
1544554480878:sm-evento-list Terminar_diagnostico
1544554487318:sm-evento-list terminar_diagnostico
1544554511149:sm-evento terminar_diagnostico
1544554526306:sm-evento TERMINAR_DIAGNOSTICO
1544554542436:sm-estado CARTAO
1544554563438:sm-evento CARTAO
1544554570812:sm-estado
1544561018664:clear
1544561022991:help
1544561028233:clear
1544561043082:sm-evento
1544561055310:sm-evento --event events
1544561060725:sm-evento --event
1544561072981:sm-evento-list
1544561350417:sm-evento PASSAGEM
1544568045928:clear
1544568127374:sm-estado
1544568168671:sm-evento PASSAGEM
1544568190595:sm-estado
1544568215946:sm-evento-list
1544568231938:sm-evento TERMINAR_DIAGNOSTICO
1544568250364:sm-estado
1544568275593:sm-evento DIAGNOSTICO
1544568297358:sm-estado
1544568316861:sm-evento TERMINAR_DIAGNOSTICO
